<?xml version="1.0" encoding="UTF-8"?>
<testng-results skipped="0" failed="0" total="1" passed="1">
  <reporter-output>
  </reporter-output>
  <suite name="Default Suite" duration-ms="32861" started-at="2018-05-14T18:07:32Z" finished-at="2018-05-14T18:08:04Z">
    <groups>
    </groups>
    <test name="Test" duration-ms="32861" started-at="2018-05-14T18:07:32Z" finished-at="2018-05-14T18:08:04Z">
      <class name="com.clavax.novus.login.Novusautomation">
        <test-method status="PASS" signature="startApp()[pri:0, instance:com.clavax.novus.login.Novusautomation@3ffc5af1]" name="startApp" is-config="true" duration-ms="17516" started-at="2018-05-14T23:37:32Z" finished-at="2018-05-14T23:37:49Z">
          <reporter-output>
          </reporter-output>
        </test-method> <!-- startApp -->
        <test-method status="PASS" signature="adminLogin()[pri:0, instance:com.clavax.novus.login.Novusautomation@3ffc5af1]" name="adminLogin" duration-ms="13091" started-at="2018-05-14T23:37:49Z" finished-at="2018-05-14T23:38:02Z">
          <reporter-output>
          </reporter-output>
        </test-method> <!-- adminLogin -->
        <test-method status="PASS" signature="closeApp()[pri:0, instance:com.clavax.novus.login.Novusautomation@3ffc5af1]" name="closeApp" is-config="true" duration-ms="2205" started-at="2018-05-14T23:38:02Z" finished-at="2018-05-14T23:38:04Z">
          <reporter-output>
          </reporter-output>
        </test-method> <!-- closeApp -->
      </class> <!-- com.clavax.novus.login.Novusautomation -->
    </test> <!-- Test -->
  </suite> <!-- Default Suite -->
</testng-results>
