<?xml version="1.0" encoding="UTF-8"?>
<!-- Generated by org.testng.reporters.JUnitXMLReporter -->
<testsuite hostname="VidushiMishra" name="Test" tests="5" failures="0" timestamp="11 May 2018 17:21:03 GMT" time="0.125" errors="0">
  <testcase name="adminLogin" time="0.047" classname="novus.Novusautomation"/>
  <testcase name="AddRole" time="0.0" classname="novus.Novusautomation"/>
  <testcase name="editRole" time="0.0" classname="novus.Novusautomation"/>
  <testcase name="deleteRole" time="0.016" classname="novus.Novusautomation"/>
  <testcase name="adminLogout" time="0.0" classname="novus.Novusautomation"/>
</testsuite> <!-- Test -->
